{"/home/webreflection/code/viperHTML/viperhtml.js":{"path":"/home/webreflection/code/viperHTML/viperhtml.js","s":{"1":1,"2":15,"3":15,"4":1,"5":20,"6":1,"7":16,"8":16,"9":1,"10":18,"11":18,"12":1,"13":7,"14":7,"15":1,"16":2,"17":2,"18":2,"19":2,"20":2,"21":1,"22":4,"23":6,"24":6,"25":1,"26":15,"27":28,"28":15,"29":1,"30":13,"31":18,"32":13,"33":13,"34":1,"35":1,"36":1},"b":{"1":[2,13],"2":[15,3],"3":[13,7],"4":[7,3],"5":[16,9],"6":[0,18],"7":[18,3],"8":[6,1],"9":[4,2],"10":[1,1],"11":[1,5],"12":[6,1],"13":[2,16],"14":[7,9]},"f":{"1":15,"2":20,"3":16,"4":18,"5":7,"6":2,"7":2,"8":4,"9":6,"10":15,"11":13},"fnMap":{"1":{"name":"viperHTML","line":14,"loc":{"start":{"line":14,"column":0},"end":{"line":14,"column":28}}},"2":{"name":"wire","line":28,"loc":{"start":{"line":28,"column":17},"end":{"line":28,"column":39}}},"3":{"name":"isAttribute","line":45,"loc":{"start":{"line":45,"column":0},"end":{"line":45,"column":33}}},"4":{"name":"isHTML","line":55,"loc":{"start":{"line":55,"column":0},"end":{"line":55,"column":28}}},"5":{"name":"getUpdateForAttribute","line":69,"loc":{"start":{"line":69,"column":0},"end":{"line":69,"column":42}}},"6":{"name":"updateBoolean","line":80,"loc":{"start":{"line":80,"column":0},"end":{"line":80,"column":40}}},"7":{"name":"(anonymous_7)","line":84,"loc":{"start":{"line":84,"column":9},"end":{"line":84,"column":26}}},"8":{"name":"updateEvent","line":93,"loc":{"start":{"line":93,"column":0},"end":{"line":93,"column":27}}},"9":{"name":"(anonymous_9)","line":94,"loc":{"start":{"line":94,"column":9},"end":{"line":94,"column":26}}},"10":{"name":"update","line":108,"loc":{"start":{"line":108,"column":0},"end":{"line":108,"column":18}}},"11":{"name":"upgrade","line":125,"loc":{"start":{"line":125,"column":0},"end":{"line":125,"column":26}}}},"statementMap":{"1":{"start":{"line":14,"column":0},"end":{"line":19,"column":1}},"2":{"start":{"line":15,"column":2},"end":{"line":15,"column":31}},"3":{"start":{"line":16,"column":2},"end":{"line":18,"column":35}},"4":{"start":{"line":28,"column":0},"end":{"line":35,"column":2}},"5":{"start":{"line":29,"column":2},"end":{"line":34,"column":7}},"6":{"start":{"line":45,"column":0},"end":{"line":51,"column":1}},"7":{"start":{"line":46,"column":2},"end":{"line":49,"column":3}},"8":{"start":{"line":50,"column":2},"end":{"line":50,"column":70}},"9":{"start":{"line":55,"column":0},"end":{"line":61,"column":1}},"10":{"start":{"line":56,"column":2},"end":{"line":59,"column":3}},"11":{"start":{"line":60,"column":2},"end":{"line":60,"column":54}},"12":{"start":{"line":69,"column":0},"end":{"line":76,"column":1}},"13":{"start":{"line":70,"column":2},"end":{"line":70,"column":57}},"14":{"start":{"line":71,"column":2},"end":{"line":75,"column":11}},"15":{"start":{"line":80,"column":0},"end":{"line":87,"column":1}},"16":{"start":{"line":81,"column":2},"end":{"line":81,"column":61}},"17":{"start":{"line":82,"column":2},"end":{"line":82,"column":33}},"18":{"start":{"line":83,"column":2},"end":{"line":83,"column":20}},"19":{"start":{"line":84,"column":2},"end":{"line":86,"column":4}},"20":{"start":{"line":85,"column":4},"end":{"line":85,"column":29}},"21":{"start":{"line":93,"column":0},"end":{"line":100,"column":1}},"22":{"start":{"line":94,"column":2},"end":{"line":99,"column":4}},"23":{"start":{"line":95,"column":4},"end":{"line":97,"column":19}},"24":{"start":{"line":98,"column":4},"end":{"line":98,"column":63}},"25":{"start":{"line":108,"column":0},"end":{"line":120,"column":1}},"26":{"start":{"line":109,"column":2},"end":{"line":118,"column":3}},"27":{"start":{"line":117,"column":4},"end":{"line":117,"column":43}},"28":{"start":{"line":119,"column":2},"end":{"line":119,"column":22}},"29":{"start":{"line":125,"column":0},"end":{"line":142,"column":1}},"30":{"start":{"line":126,"column":2},"end":{"line":139,"column":3}},"31":{"start":{"line":134,"column":4},"end":{"line":138,"column":16}},"32":{"start":{"line":140,"column":2},"end":{"line":140,"column":26}},"33":{"start":{"line":141,"column":2},"end":{"line":141,"column":40}},"34":{"start":{"line":148,"column":0},"end":{"line":160,"column":1}},"35":{"start":{"line":163,"column":0},"end":{"line":163,"column":49}},"36":{"start":{"line":163,"column":6},"end":{"line":163,"column":33}}},"branchMap":{"1":{"line":16,"type":"cond-expr","locations":[{"start":{"line":17,"column":4},"end":{"line":17,"column":34}},{"start":{"line":18,"column":4},"end":{"line":18,"column":34}}]},"2":{"line":16,"type":"binary-expr","locations":[{"start":{"line":16,"column":9},"end":{"line":16,"column":14}},{"start":{"line":16,"column":18},"end":{"line":16,"column":37}}]},"3":{"line":29,"type":"cond-expr","locations":[{"start":{"line":30,"column":4},"end":{"line":30,"column":22}},{"start":{"line":31,"column":5},"end":{"line":34,"column":5}}]},"4":{"line":31,"type":"binary-expr","locations":[{"start":{"line":31,"column":5},"end":{"line":31,"column":22}},{"start":{"line":32,"column":6},"end":{"line":33,"column":18}}]},"5":{"line":50,"type":"binary-expr","locations":[{"start":{"line":50,"column":9},"end":{"line":50,"column":38}},{"start":{"line":50,"column":42},"end":{"line":50,"column":69}}]},"6":{"line":57,"type":"cond-expr","locations":[{"start":{"line":57,"column":21},"end":{"line":57,"column":23}},{"start":{"line":57,"column":26},"end":{"line":57,"column":40}}]},"7":{"line":60,"type":"binary-expr","locations":[{"start":{"line":60,"column":9},"end":{"line":60,"column":33}},{"start":{"line":60,"column":37},"end":{"line":60,"column":53}}]},"8":{"line":71,"type":"cond-expr","locations":[{"start":{"line":72,"column":5},"end":{"line":74,"column":36}},{"start":{"line":75,"column":4},"end":{"line":75,"column":10}}]},"9":{"line":72,"type":"cond-expr","locations":[{"start":{"line":73,"column":6},"end":{"line":73,"column":23}},{"start":{"line":74,"column":6},"end":{"line":74,"column":36}}]},"10":{"line":85,"type":"cond-expr","locations":[{"start":{"line":85,"column":19},"end":{"line":85,"column":23}},{"start":{"line":85,"column":26},"end":{"line":85,"column":28}}]},"11":{"line":95,"type":"cond-expr","locations":[{"start":{"line":96,"column":7},"end":{"line":96,"column":26}},{"start":{"line":97,"column":7},"end":{"line":97,"column":17}}]},"12":{"line":95,"type":"binary-expr","locations":[{"start":{"line":95,"column":17},"end":{"line":95,"column":40}},{"start":{"line":95,"column":44},"end":{"line":95,"column":68}}]},"13":{"line":134,"type":"cond-expr","locations":[{"start":{"line":135,"column":6},"end":{"line":135,"column":12}},{"start":{"line":136,"column":7},"end":{"line":138,"column":14}}]},"14":{"line":136,"type":"cond-expr","locations":[{"start":{"line":137,"column":8},"end":{"line":137,"column":40}},{"start":{"line":138,"column":8},"end":{"line":138,"column":14}}]}}}}