{"/Users/agiammarchi/git/viperHTML/index.js":{"path":"/Users/agiammarchi/git/viperHTML/index.js","s":{"1":1,"2":1,"3":8,"4":1,"5":2078,"6":2078,"7":1073,"8":1073,"9":2078,"10":1,"11":1045,"12":1,"13":13,"14":1,"15":1,"16":1,"17":2065,"18":1,"19":1,"20":1,"21":16,"22":1,"23":12,"24":12,"25":13,"26":13,"27":12,"28":13,"29":13,"30":1,"31":93,"32":1,"33":8039,"34":1,"35":1073,"36":5079,"37":5079,"38":1073,"39":1,"40":3050,"41":1,"42":9,"43":1,"44":4,"45":1,"46":3,"47":1,"48":2,"49":1,"50":1,"51":1,"52":4,"53":4,"54":4,"55":2,"56":1,"57":1,"58":6079,"59":6079,"60":6028,"61":5,"62":43,"63":5,"64":38,"65":1,"66":40,"67":6,"68":34,"69":23,"70":39,"71":2,"72":23,"73":11,"74":4,"75":7,"76":1,"77":6,"78":1,"79":5,"80":2,"81":3,"82":1,"83":22,"84":1,"85":53,"86":53,"87":1,"88":44,"89":44,"90":44,"91":44,"92":44,"93":44,"94":41,"95":41,"96":41,"97":67,"98":26,"99":26,"100":26,"101":26,"102":26,"103":22,"104":10,"105":7,"106":7,"107":3,"108":12,"109":12,"110":22,"111":22,"112":19,"113":4,"114":1,"115":3,"116":3,"117":41,"118":1,"119":1,"120":1,"121":1,"122":1,"123":41,"124":38,"125":41,"126":55,"127":55,"128":5,"129":5,"130":2,"131":2,"132":1,"133":1,"134":47,"135":47,"136":28,"137":27,"138":27,"139":1,"140":44,"141":44,"142":44,"143":44,"144":1,"145":2018,"146":1,"147":3,"148":1,"149":4,"150":2,"151":2,"152":3,"153":3,"154":1,"155":1,"156":1,"157":2,"158":1,"159":2,"160":1,"161":2,"162":2,"163":1,"164":1,"165":1,"166":2013,"167":2007,"168":3,"169":3,"170":1,"171":1,"172":1,"173":2,"174":2,"175":1,"176":13,"177":18,"178":18,"179":18,"180":13,"181":13,"182":1,"183":13,"184":1,"185":15,"186":15,"187":1,"188":2065,"189":10073,"190":10073,"191":1,"192":1,"193":10072,"194":2065,"195":1,"196":1073,"197":1073,"198":1073,"199":1,"200":14,"201":14,"202":1,"203":6063,"204":1,"205":2079,"206":2079,"207":1,"208":13,"209":1,"210":1,"211":2,"212":1,"213":2,"214":1,"215":1,"216":1,"217":1,"218":1,"219":1,"220":1},"b":{"1":[5,3],"2":[2,3],"3":[5,4],"4":[1,2],"5":[1,2],"6":[1073,1005],"7":[2078,1006],"8":[13,2065],"9":[1033,12],"10":[1045,14],"11":[12,4],"12":[11,2],"13":[2,1],"14":[13,1],"15":[3050,2029],"16":[12,3038],"17":[1,3],"18":[1,2],"19":[1,1],"20":[2,2],"21":[19,6060],"22":[6028,2,5,43,40,34],"23":[5,38],"24":[1,37],"25":[6,34],"26":[23,11],"27":[2,37],"28":[4,7],"29":[1,6],"30":[1,5],"31":[2,3],"32":[22,8],"33":[22,8],"34":[26,41],"35":[26,22],"36":[22,4],"37":[10,12],"38":[7,3],"39":[1,11],"40":[19,3],"41":[22,10],"42":[1,3],"43":[4,1],"44":[2,1],"45":[38,3],"46":[1,5,2,1,47],"47":[27,1],"48":[1,2],"49":[1,1],"50":[2,1],"51":[1,1],"52":[2007,3,3],"53":[1,2006],"54":[2007,1],"55":[3,2],"56":[1,1],"57":[2,11],"58":[15,13,11],"59":[1,10072],"60":[10073,10068],"61":[1,2064],"62":[1073,44],"63":[14,8],"64":[14,9],"65":[6062,1],"66":[2079,44],"67":[1,1]},"f":{"1":8,"2":2078,"3":1045,"4":13,"5":2065,"6":1,"7":16,"8":12,"9":13,"10":13,"11":93,"12":8039,"13":1073,"14":3050,"15":9,"16":4,"17":4,"18":2,"19":6079,"20":22,"21":53,"22":44,"23":41,"24":1,"25":1,"26":1,"27":41,"28":55,"29":28,"30":44,"31":2018,"32":3,"33":4,"34":1,"35":2,"36":2,"37":2013,"38":1,"39":2,"40":13,"41":13,"42":13,"43":15,"44":15,"45":2065,"46":1073,"47":14,"48":6063,"49":2079,"50":13,"51":2,"52":1,"53":1,"54":12,"55":8},"fnMap":{"1":{"name":"viper","line":9,"loc":{"start":{"line":9,"column":0},"end":{"line":9,"column":21}}},"2":{"name":"render","line":30,"loc":{"start":{"line":30,"column":0},"end":{"line":30,"column":26}}},"3":{"name":"wire","line":50,"loc":{"start":{"line":50,"column":13},"end":{"line":50,"column":38}}},"4":{"name":"getAsync","line":59,"loc":{"start":{"line":59,"column":14},"end":{"line":59,"column":37}}},"5":{"name":"asBuffer","line":75,"loc":{"start":{"line":75,"column":0},"end":{"line":75,"column":26}}},"6":{"name":"asHTML","line":80,"loc":{"start":{"line":80,"column":0},"end":{"line":80,"column":22}}},"7":{"name":"comments","line":85,"loc":{"start":{"line":85,"column":0},"end":{"line":85,"column":34}}},"8":{"name":"createAsync","line":92,"loc":{"start":{"line":92,"column":0},"end":{"line":92,"column":23}}},"9":{"name":"(anonymous_9)","line":98,"loc":{"start":{"line":98,"column":17},"end":{"line":98,"column":29}}},"10":{"name":"(anonymous_10)","line":102,"loc":{"start":{"line":102,"column":9},"end":{"line":102,"column":29}}},"11":{"name":"empty","line":109,"loc":{"start":{"line":109,"column":0},"end":{"line":109,"column":22}}},"12":{"name":"escape","line":114,"loc":{"start":{"line":114,"column":0},"end":{"line":114,"column":19}}},"13":{"name":"fixUpdates","line":120,"loc":{"start":{"line":120,"column":0},"end":{"line":120,"column":29}}},"14":{"name":"getUpdateForHTML","line":136,"loc":{"start":{"line":136,"column":0},"end":{"line":136,"column":28}}},"15":{"name":"identity","line":141,"loc":{"start":{"line":141,"column":0},"end":{"line":141,"column":25}}},"16":{"name":"invokeAtDistance","line":146,"loc":{"start":{"line":146,"column":0},"end":{"line":146,"column":33}}},"17":{"name":"invokeTransformer","line":159,"loc":{"start":{"line":159,"column":0},"end":{"line":159,"column":35}}},"18":{"name":"noop","line":171,"loc":{"start":{"line":171,"column":0},"end":{"line":171,"column":16}}},"19":{"name":"asTemplateValue","line":174,"loc":{"start":{"line":174,"column":0},"end":{"line":174,"column":45}}},"20":{"name":"sanitizeAttributes","line":203,"loc":{"start":{"line":203,"column":0},"end":{"line":203,"column":40}}},"21":{"name":"set","line":208,"loc":{"start":{"line":208,"column":0},"end":{"line":208,"column":33}}},"22":{"name":"transform","line":217,"loc":{"start":{"line":217,"column":0},"end":{"line":217,"column":29}}},"23":{"name":"(anonymous_23)","line":224,"loc":{"start":{"line":224,"column":15},"end":{"line":224,"column":43}}},"24":{"name":"(anonymous_24)","line":259,"loc":{"start":{"line":259,"column":18},"end":{"line":259,"column":30}}},"25":{"name":"(anonymous_25)","line":263,"loc":{"start":{"line":263,"column":16},"end":{"line":263,"column":28}}},"26":{"name":"(anonymous_26)","line":267,"loc":{"start":{"line":267,"column":29},"end":{"line":267,"column":51}}},"27":{"name":"(anonymous_27)","line":270,"loc":{"start":{"line":270,"column":16},"end":{"line":270,"column":32}}},"28":{"name":"(anonymous_28)","line":276,"loc":{"start":{"line":276,"column":12},"end":{"line":276,"column":28}}},"29":{"name":"(anonymous_29)","line":294,"loc":{"start":{"line":294,"column":15},"end":{"line":294,"column":31}}},"30":{"name":"(anonymous_30)","line":302,"loc":{"start":{"line":302,"column":11},"end":{"line":302,"column":23}}},"31":{"name":"updateAttribute","line":318,"loc":{"start":{"line":318,"column":0},"end":{"line":318,"column":28}}},"32":{"name":"updateBoolean","line":324,"loc":{"start":{"line":324,"column":0},"end":{"line":324,"column":29}}},"33":{"name":"update","line":326,"loc":{"start":{"line":326,"column":2},"end":{"line":326,"column":25}}},"34":{"name":"ized","line":338,"loc":{"start":{"line":338,"column":0},"end":{"line":338,"column":26}}},"35":{"name":"asCSSValue","line":342,"loc":{"start":{"line":342,"column":0},"end":{"line":342,"column":32}}},"36":{"name":"updateStyle","line":347,"loc":{"start":{"line":347,"column":0},"end":{"line":347,"column":28}}},"37":{"name":"updateEvent","line":372,"loc":{"start":{"line":372,"column":0},"end":{"line":372,"column":28}}},"38":{"name":"minifyCSS","line":388,"loc":{"start":{"line":388,"column":0},"end":{"line":388,"column":21}}},"39":{"name":"minifyJS","line":392,"loc":{"start":{"line":392,"column":0},"end":{"line":392,"column":33}}},"40":{"name":"chunks","line":407,"loc":{"start":{"line":407,"column":0},"end":{"line":407,"column":18}}},"41":{"name":"(anonymous_41)","line":456,"loc":{"start":{"line":456,"column":31},"end":{"line":456,"column":43}}},"42":{"name":"resolveArray","line":463,"loc":{"start":{"line":463,"column":0},"end":{"line":463,"column":29}}},"43":{"name":"resolveAsTemplateValue","line":469,"loc":{"start":{"line":469,"column":0},"end":{"line":469,"column":40}}},"44":{"name":"(anonymous_44)","line":470,"loc":{"start":{"line":470,"column":9},"end":{"line":470,"column":26}}},"45":{"name":"update","line":483,"loc":{"start":{"line":483,"column":0},"end":{"line":483,"column":18}}},"46":{"name":"upgrade","line":508,"loc":{"start":{"line":508,"column":0},"end":{"line":508,"column":27}}},"47":{"name":"wireWeakly","line":523,"loc":{"start":{"line":523,"column":0},"end":{"line":523,"column":29}}},"48":{"name":"createHyperComment","line":528,"loc":{"start":{"line":528,"column":0},"end":{"line":528,"column":30}}},"49":{"name":"(anonymous_49)","line":562,"loc":{"start":{"line":562,"column":7},"end":{"line":562,"column":20}}},"50":{"name":"bind","line":569,"loc":{"start":{"line":569,"column":13},"end":{"line":569,"column":36}}},"51":{"name":"define","line":576,"loc":{"start":{"line":576,"column":15},"end":{"line":576,"column":54}}},"52":{"name":"(anonymous_52)","line":585,"loc":{"start":{"line":585,"column":7},"end":{"line":585,"column":19}}},"53":{"name":"(anonymous_53)","line":588,"loc":{"start":{"line":588,"column":7},"end":{"line":588,"column":24}}},"54":{"name":"Async","line":596,"loc":{"start":{"line":596,"column":0},"end":{"line":596,"column":17}}},"55":{"name":"Dict","line":599,"loc":{"start":{"line":599,"column":0},"end":{"line":599,"column":16}}}},"statementMap":{"1":{"start":{"line":6,"column":0},"end":{"line":6,"column":20}},"2":{"start":{"line":9,"column":0},"end":{"line":19,"column":1}},"3":{"start":{"line":10,"column":2},"end":{"line":18,"column":29}},"4":{"start":{"line":30,"column":0},"end":{"line":41,"column":1}},"5":{"start":{"line":31,"column":2},"end":{"line":31,"column":31}},"6":{"start":{"line":32,"column":2},"end":{"line":38,"column":3}},"7":{"start":{"line":36,"column":4},"end":{"line":36,"column":43}},"8":{"start":{"line":37,"column":4},"end":{"line":37,"column":28}},"9":{"start":{"line":39,"column":2},"end":{"line":40,"column":35}},"10":{"start":{"line":50,"column":0},"end":{"line":54,"column":2}},"11":{"start":{"line":51,"column":2},"end":{"line":53,"column":36}},"12":{"start":{"line":59,"column":0},"end":{"line":63,"column":2}},"13":{"start":{"line":60,"column":2},"end":{"line":62,"column":57}},"14":{"start":{"line":65,"column":0},"end":{"line":65,"column":52}},"15":{"start":{"line":66,"column":0},"end":{"line":66,"column":28}},"16":{"start":{"line":75,"column":0},"end":{"line":77,"column":1}},"17":{"start":{"line":76,"column":2},"end":{"line":76,"column":38}},"18":{"start":{"line":80,"column":0},"end":{"line":82,"column":1}},"19":{"start":{"line":81,"column":2},"end":{"line":81,"column":22}},"20":{"start":{"line":85,"column":0},"end":{"line":87,"column":1}},"21":{"start":{"line":86,"column":2},"end":{"line":86,"column":67}},"22":{"start":{"line":92,"column":0},"end":{"line":106,"column":1}},"23":{"start":{"line":93,"column":2},"end":{"line":97,"column":3}},"24":{"start":{"line":98,"column":2},"end":{"line":101,"column":4}},"25":{"start":{"line":99,"column":4},"end":{"line":99,"column":35}},"26":{"start":{"line":100,"column":4},"end":{"line":100,"column":41}},"27":{"start":{"line":102,"column":2},"end":{"line":105,"column":4}},"28":{"start":{"line":103,"column":4},"end":{"line":103,"column":40}},"29":{"start":{"line":104,"column":4},"end":{"line":104,"column":16}},"30":{"start":{"line":109,"column":0},"end":{"line":111,"column":1}},"31":{"start":{"line":110,"column":2},"end":{"line":110,"column":48}},"32":{"start":{"line":114,"column":0},"end":{"line":116,"column":1}},"33":{"start":{"line":115,"column":2},"end":{"line":115,"column":31}},"34":{"start":{"line":120,"column":0},"end":{"line":132,"column":1}},"35":{"start":{"line":121,"column":2},"end":{"line":130,"column":3}},"36":{"start":{"line":128,"column":4},"end":{"line":128,"column":24}},"37":{"start":{"line":129,"column":4},"end":{"line":129,"column":71}},"38":{"start":{"line":131,"column":2},"end":{"line":131,"column":13}},"39":{"start":{"line":136,"column":0},"end":{"line":138,"column":1}},"40":{"start":{"line":137,"column":2},"end":{"line":137,"column":60}},"41":{"start":{"line":141,"column":0},"end":{"line":143,"column":1}},"42":{"start":{"line":142,"column":2},"end":{"line":142,"column":15}},"43":{"start":{"line":146,"column":0},"end":{"line":156,"column":1}},"44":{"start":{"line":147,"column":2},"end":{"line":155,"column":3}},"45":{"start":{"line":148,"column":4},"end":{"line":148,"column":74}},"46":{"start":{"line":149,"column":9},"end":{"line":155,"column":3}},"47":{"start":{"line":150,"column":4},"end":{"line":150,"column":60}},"48":{"start":{"line":151,"column":9},"end":{"line":155,"column":3}},"49":{"start":{"line":152,"column":4},"end":{"line":152,"column":74}},"50":{"start":{"line":154,"column":4},"end":{"line":154,"column":75}},"51":{"start":{"line":159,"column":0},"end":{"line":168,"column":1}},"52":{"start":{"line":160,"column":2},"end":{"line":167,"column":3}},"53":{"start":{"line":161,"column":4},"end":{"line":161,"column":30}},"54":{"start":{"line":162,"column":4},"end":{"line":166,"column":5}},"55":{"start":{"line":165,"column":6},"end":{"line":165,"column":50}},"56":{"start":{"line":171,"column":0},"end":{"line":171,"column":18}},"57":{"start":{"line":174,"column":0},"end":{"line":200,"column":1}},"58":{"start":{"line":175,"column":2},"end":{"line":175,"column":55}},"59":{"start":{"line":176,"column":2},"end":{"line":199,"column":3}},"60":{"start":{"line":177,"column":19},"end":{"line":177,"column":58}},"61":{"start":{"line":179,"column":19},"end":{"line":179,"column":50}},"62":{"start":{"line":181,"column":6},"end":{"line":181,"column":66}},"63":{"start":{"line":181,"column":35},"end":{"line":181,"column":66}},"64":{"start":{"line":182,"column":6},"end":{"line":182,"column":90}},"65":{"start":{"line":182,"column":38},"end":{"line":182,"column":90}},"66":{"start":{"line":184,"column":6},"end":{"line":184,"column":53}},"67":{"start":{"line":184,"column":25},"end":{"line":184,"column":53}},"68":{"start":{"line":186,"column":6},"end":{"line":193,"column":7}},"69":{"start":{"line":187,"column":8},"end":{"line":191,"column":9}},"70":{"start":{"line":188,"column":10},"end":{"line":190,"column":11}},"71":{"start":{"line":189,"column":12},"end":{"line":189,"column":41}},"72":{"start":{"line":192,"column":8},"end":{"line":192,"column":48}},"73":{"start":{"line":194,"column":6},"end":{"line":194,"column":65}},"74":{"start":{"line":194,"column":34},"end":{"line":194,"column":65}},"75":{"start":{"line":195,"column":6},"end":{"line":195,"column":71}},"76":{"start":{"line":195,"column":27},"end":{"line":195,"column":71}},"77":{"start":{"line":196,"column":6},"end":{"line":196,"column":73}},"78":{"start":{"line":196,"column":26},"end":{"line":196,"column":73}},"79":{"start":{"line":197,"column":6},"end":{"line":197,"column":83}},"80":{"start":{"line":197,"column":27},"end":{"line":197,"column":83}},"81":{"start":{"line":198,"column":6},"end":{"line":198,"column":68}},"82":{"start":{"line":203,"column":0},"end":{"line":205,"column":1}},"83":{"start":{"line":204,"column":2},"end":{"line":204,"column":46}},"84":{"start":{"line":208,"column":0},"end":{"line":211,"column":1}},"85":{"start":{"line":209,"column":2},"end":{"line":209,"column":25}},"86":{"start":{"line":210,"column":2},"end":{"line":210,"column":15}},"87":{"start":{"line":217,"column":0},"end":{"line":315,"column":1}},"88":{"start":{"line":218,"column":2},"end":{"line":218,"column":19}},"89":{"start":{"line":219,"column":2},"end":{"line":219,"column":22}},"90":{"start":{"line":220,"column":2},"end":{"line":220,"column":19}},"91":{"start":{"line":221,"column":2},"end":{"line":221,"column":18}},"92":{"start":{"line":222,"column":2},"end":{"line":222,"column":19}},"93":{"start":{"line":223,"column":2},"end":{"line":308,"column":5}},"94":{"start":{"line":225,"column":6},"end":{"line":225,"column":21}},"95":{"start":{"line":226,"column":6},"end":{"line":226,"column":30}},"96":{"start":{"line":227,"column":6},"end":{"line":256,"column":7}},"97":{"start":{"line":228,"column":8},"end":{"line":255,"column":9}},"98":{"start":{"line":229,"column":10},"end":{"line":229,"column":38}},"99":{"start":{"line":230,"column":10},"end":{"line":230,"column":44}},"100":{"start":{"line":231,"column":10},"end":{"line":231,"column":54}},"101":{"start":{"line":232,"column":10},"end":{"line":232,"column":67}},"102":{"start":{"line":233,"column":10},"end":{"line":254,"column":11}},"103":{"start":{"line":234,"column":12},"end":{"line":244,"column":13}},"104":{"start":{"line":235,"column":14},"end":{"line":240,"column":15}},"105":{"start":{"line":236,"column":16},"end":{"line":236,"column":45}},"106":{"start":{"line":237,"column":16},"end":{"line":237,"column":42}},"107":{"start":{"line":239,"column":16},"end":{"line":239,"column":49}},"108":{"start":{"line":242,"column":14},"end":{"line":242,"column":43}},"109":{"start":{"line":243,"column":14},"end":{"line":243,"column":79}},"110":{"start":{"line":245,"column":12},"end":{"line":245,"column":40}},"111":{"start":{"line":246,"column":12},"end":{"line":246,"column":57}},"112":{"start":{"line":246,"column":39},"end":{"line":246,"column":57}},"113":{"start":{"line":248,"column":12},"end":{"line":253,"column":13}},"114":{"start":{"line":249,"column":14},"end":{"line":249,"column":37}},"115":{"start":{"line":251,"column":14},"end":{"line":251,"column":61}},"116":{"start":{"line":252,"column":14},"end":{"line":252,"column":63}},"117":{"start":{"line":257,"column":6},"end":{"line":257,"column":24}},"118":{"start":{"line":260,"column":6},"end":{"line":260,"column":32}},"119":{"start":{"line":261,"column":6},"end":{"line":261,"column":21}},"120":{"start":{"line":264,"column":6},"end":{"line":264,"column":26}},"121":{"start":{"line":265,"column":6},"end":{"line":265,"column":22}},"122":{"start":{"line":268,"column":6},"end":{"line":268,"column":35}},"123":{"start":{"line":271,"column":6},"end":{"line":273,"column":7}},"124":{"start":{"line":272,"column":8},"end":{"line":272,"column":38}},"125":{"start":{"line":274,"column":6},"end":{"line":274,"column":19}},"126":{"start":{"line":277,"column":6},"end":{"line":277,"column":38}},"127":{"start":{"line":278,"column":6},"end":{"line":292,"column":7}},"128":{"start":{"line":281,"column":10},"end":{"line":281,"column":29}},"129":{"start":{"line":282,"column":10},"end":{"line":282,"column":16}},"130":{"start":{"line":284,"column":10},"end":{"line":284,"column":39}},"131":{"start":{"line":285,"column":10},"end":{"line":285,"column":16}},"132":{"start":{"line":287,"column":10},"end":{"line":287,"column":40}},"133":{"start":{"line":288,"column":10},"end":{"line":288,"column":16}},"134":{"start":{"line":290,"column":10},"end":{"line":290,"column":29}},"135":{"start":{"line":291,"column":10},"end":{"line":291,"column":16}},"136":{"start":{"line":295,"column":6},"end":{"line":300,"column":7}},"137":{"start":{"line":296,"column":8},"end":{"line":296,"column":36}},"138":{"start":{"line":297,"column":8},"end":{"line":297,"column":39}},"139":{"start":{"line":299,"column":8},"end":{"line":299,"column":44}},"140":{"start":{"line":303,"column":6},"end":{"line":303,"column":34}},"141":{"start":{"line":309,"column":2},"end":{"line":309,"column":59}},"142":{"start":{"line":310,"column":2},"end":{"line":310,"column":16}},"143":{"start":{"line":311,"column":2},"end":{"line":314,"column":4}},"144":{"start":{"line":318,"column":0},"end":{"line":320,"column":1}},"145":{"start":{"line":319,"column":2},"end":{"line":319,"column":31}},"146":{"start":{"line":324,"column":0},"end":{"line":336,"column":1}},"147":{"start":{"line":325,"column":2},"end":{"line":325,"column":20}},"148":{"start":{"line":326,"column":2},"end":{"line":333,"column":3}},"149":{"start":{"line":327,"column":4},"end":{"line":331,"column":5}},"150":{"start":{"line":330,"column":8},"end":{"line":330,"column":20}},"151":{"start":{"line":332,"column":4},"end":{"line":332,"column":14}},"152":{"start":{"line":334,"column":2},"end":{"line":334,"column":21}},"153":{"start":{"line":335,"column":2},"end":{"line":335,"column":16}},"154":{"start":{"line":338,"column":0},"end":{"line":340,"column":1}},"155":{"start":{"line":339,"column":2},"end":{"line":339,"column":37}},"156":{"start":{"line":342,"column":0},"end":{"line":345,"column":1}},"157":{"start":{"line":343,"column":2},"end":{"line":344,"column":65}},"158":{"start":{"line":347,"column":0},"end":{"line":367,"column":1}},"159":{"start":{"line":348,"column":2},"end":{"line":366,"column":3}},"160":{"start":{"line":349,"column":4},"end":{"line":362,"column":5}},"161":{"start":{"line":355,"column":6},"end":{"line":355,"column":20}},"162":{"start":{"line":356,"column":6},"end":{"line":361,"column":8}},"163":{"start":{"line":363,"column":4},"end":{"line":363,"column":36}},"164":{"start":{"line":365,"column":4},"end":{"line":365,"column":29}},"165":{"start":{"line":372,"column":0},"end":{"line":382,"column":1}},"166":{"start":{"line":373,"column":2},"end":{"line":381,"column":3}},"167":{"start":{"line":374,"column":21},"end":{"line":378,"column":30}},"168":{"start":{"line":379,"column":19},"end":{"line":379,"column":29}},"169":{"start":{"line":380,"column":13},"end":{"line":380,"column":40}},"170":{"start":{"line":388,"column":0},"end":{"line":390,"column":1}},"171":{"start":{"line":389,"column":2},"end":{"line":389,"column":48}},"172":{"start":{"line":392,"column":0},"end":{"line":398,"column":1}},"173":{"start":{"line":393,"column":2},"end":{"line":396,"column":15}},"174":{"start":{"line":397,"column":2},"end":{"line":397,"column":43}},"175":{"start":{"line":407,"column":0},"end":{"line":457,"column":1}},"176":{"start":{"line":408,"column":2},"end":{"line":455,"column":3}},"177":{"start":{"line":452,"column":4},"end":{"line":452,"column":28}},"178":{"start":{"line":453,"column":4},"end":{"line":453,"column":27}},"179":{"start":{"line":454,"column":4},"end":{"line":454,"column":29}},"180":{"start":{"line":456,"column":2},"end":{"line":456,"column":60}},"181":{"start":{"line":456,"column":45},"end":{"line":456,"column":56}},"182":{"start":{"line":463,"column":0},"end":{"line":465,"column":1}},"183":{"start":{"line":464,"column":2},"end":{"line":464,"column":65}},"184":{"start":{"line":469,"column":0},"end":{"line":478,"column":1}},"185":{"start":{"line":470,"column":2},"end":{"line":477,"column":4}},"186":{"start":{"line":471,"column":4},"end":{"line":476,"column":6}},"187":{"start":{"line":483,"column":0},"end":{"line":503,"column":1}},"188":{"start":{"line":484,"column":2},"end":{"line":501,"column":3}},"189":{"start":{"line":494,"column":4},"end":{"line":494,"column":23}},"190":{"start":{"line":495,"column":4},"end":{"line":500,"column":5}},"191":{"start":{"line":496,"column":6},"end":{"line":496,"column":21}},"192":{"start":{"line":497,"column":6},"end":{"line":497,"column":54}},"193":{"start":{"line":499,"column":6},"end":{"line":499,"column":49}},"194":{"start":{"line":502,"column":2},"end":{"line":502,"column":67}},"195":{"start":{"line":508,"column":0},"end":{"line":517,"column":1}},"196":{"start":{"line":509,"column":2},"end":{"line":509,"column":26}},"197":{"start":{"line":510,"column":2},"end":{"line":511,"column":52}},"198":{"start":{"line":512,"column":2},"end":{"line":516,"column":4}},"199":{"start":{"line":523,"column":0},"end":{"line":526,"column":1}},"200":{"start":{"line":524,"column":2},"end":{"line":524,"column":57}},"201":{"start":{"line":525,"column":2},"end":{"line":525,"column":50}},"202":{"start":{"line":528,"column":0},"end":{"line":530,"column":1}},"203":{"start":{"line":529,"column":2},"end":{"line":529,"column":80}},"204":{"start":{"line":536,"column":0},"end":{"line":566,"column":1}},"205":{"start":{"line":563,"column":4},"end":{"line":563,"column":30}},"206":{"start":{"line":564,"column":4},"end":{"line":564,"column":30}},"207":{"start":{"line":569,"column":0},"end":{"line":569,"column":69}},"208":{"start":{"line":569,"column":38},"end":{"line":569,"column":66}},"209":{"start":{"line":571,"column":0},"end":{"line":574,"column":2}},"210":{"start":{"line":576,"column":0},"end":{"line":582,"column":2}},"211":{"start":{"line":577,"column":2},"end":{"line":579,"column":3}},"212":{"start":{"line":578,"column":4},"end":{"line":578,"column":39}},"213":{"start":{"line":580,"column":2},"end":{"line":580,"column":39}},"214":{"start":{"line":584,"column":0},"end":{"line":591,"column":3}},"215":{"start":{"line":586,"column":4},"end":{"line":586,"column":21}},"216":{"start":{"line":589,"column":4},"end":{"line":589,"column":24}},"217":{"start":{"line":593,"column":0},"end":{"line":593,"column":23}},"218":{"start":{"line":596,"column":0},"end":{"line":596,"column":19}},"219":{"start":{"line":599,"column":0},"end":{"line":599,"column":18}},"220":{"start":{"line":600,"column":0},"end":{"line":600,"column":37}}},"branchMap":{"1":{"line":10,"type":"cond-expr","locations":[{"start":{"line":11,"column":5},"end":{"line":15,"column":33}},{"start":{"line":16,"column":4},"end":{"line":18,"column":28}}]},"2":{"line":11,"type":"cond-expr","locations":[{"start":{"line":12,"column":6},"end":{"line":12,"column":21}},{"start":{"line":13,"column":7},"end":{"line":15,"column":32}}]},"3":{"line":11,"type":"binary-expr","locations":[{"start":{"line":11,"column":5},"end":{"line":11,"column":17}},{"start":{"line":11,"column":21},"end":{"line":11,"column":45}}]},"4":{"line":13,"type":"cond-expr","locations":[{"start":{"line":14,"column":8},"end":{"line":14,"column":29}},{"start":{"line":15,"column":8},"end":{"line":15,"column":32}}]},"5":{"line":16,"type":"cond-expr","locations":[{"start":{"line":17,"column":6},"end":{"line":17,"column":21}},{"start":{"line":17,"column":24},"end":{"line":17,"column":34}}]},"6":{"line":32,"type":"if","locations":[{"start":{"line":32,"column":2},"end":{"line":32,"column":2}},{"start":{"line":32,"column":2},"end":{"line":32,"column":2}}]},"7":{"line":33,"type":"binary-expr","locations":[{"start":{"line":33,"column":4},"end":{"line":33,"column":10}},{"start":{"line":34,"column":4},"end":{"line":34,"column":35}}]},"8":{"line":39,"type":"cond-expr","locations":[{"start":{"line":39,"column":34},"end":{"line":39,"column":45}},{"start":{"line":39,"column":48},"end":{"line":39,"column":54}}]},"9":{"line":51,"type":"cond-expr","locations":[{"start":{"line":52,"column":4},"end":{"line":52,"column":19}},{"start":{"line":53,"column":4},"end":{"line":53,"column":35}}]},"10":{"line":51,"type":"binary-expr","locations":[{"start":{"line":51,"column":9},"end":{"line":51,"column":29}},{"start":{"line":51,"column":33},"end":{"line":51,"column":44}}]},"11":{"line":53,"type":"binary-expr","locations":[{"start":{"line":53,"column":20},"end":{"line":53,"column":24}},{"start":{"line":53,"column":28},"end":{"line":53,"column":34}}]},"12":{"line":60,"type":"cond-expr","locations":[{"start":{"line":61,"column":4},"end":{"line":61,"column":17}},{"start":{"line":62,"column":5},"end":{"line":62,"column":55}}]},"13":{"line":62,"type":"binary-expr","locations":[{"start":{"line":62,"column":5},"end":{"line":62,"column":20}},{"start":{"line":62,"column":24},"end":{"line":62,"column":55}}]},"14":{"line":103,"type":"binary-expr","locations":[{"start":{"line":103,"column":21},"end":{"line":103,"column":29}},{"start":{"line":103,"column":33},"end":{"line":103,"column":39}}]},"15":{"line":129,"type":"cond-expr","locations":[{"start":{"line":129,"column":43},"end":{"line":129,"column":60}},{"start":{"line":129,"column":63},"end":{"line":129,"column":69}}]},"16":{"line":137,"type":"cond-expr","locations":[{"start":{"line":137,"column":33},"end":{"line":137,"column":41}},{"start":{"line":137,"column":44},"end":{"line":137,"column":59}}]},"17":{"line":147,"type":"if","locations":[{"start":{"line":147,"column":2},"end":{"line":147,"column":2}},{"start":{"line":147,"column":2},"end":{"line":147,"column":2}}]},"18":{"line":149,"type":"if","locations":[{"start":{"line":149,"column":9},"end":{"line":149,"column":9}},{"start":{"line":149,"column":9},"end":{"line":149,"column":9}}]},"19":{"line":151,"type":"if","locations":[{"start":{"line":151,"column":9},"end":{"line":151,"column":9}},{"start":{"line":151,"column":9},"end":{"line":151,"column":9}}]},"20":{"line":162,"type":"if","locations":[{"start":{"line":162,"column":4},"end":{"line":162,"column":4}},{"start":{"line":162,"column":4},"end":{"line":162,"column":4}}]},"21":{"line":175,"type":"cond-expr","locations":[{"start":{"line":175,"column":29},"end":{"line":175,"column":31}},{"start":{"line":175,"column":34},"end":{"line":175,"column":54}}]},"22":{"line":176,"type":"switch","locations":[{"start":{"line":177,"column":4},"end":{"line":177,"column":58}},{"start":{"line":178,"column":4},"end":{"line":178,"column":19}},{"start":{"line":179,"column":4},"end":{"line":179,"column":50}},{"start":{"line":180,"column":4},"end":{"line":182,"column":90}},{"start":{"line":183,"column":4},"end":{"line":184,"column":53}},{"start":{"line":185,"column":4},"end":{"line":198,"column":68}}]},"23":{"line":181,"type":"if","locations":[{"start":{"line":181,"column":6},"end":{"line":181,"column":6}},{"start":{"line":181,"column":6},"end":{"line":181,"column":6}}]},"24":{"line":182,"type":"if","locations":[{"start":{"line":182,"column":6},"end":{"line":182,"column":6}},{"start":{"line":182,"column":6},"end":{"line":182,"column":6}}]},"25":{"line":184,"type":"if","locations":[{"start":{"line":184,"column":6},"end":{"line":184,"column":6}},{"start":{"line":184,"column":6},"end":{"line":184,"column":6}}]},"26":{"line":186,"type":"if","locations":[{"start":{"line":186,"column":6},"end":{"line":186,"column":6}},{"start":{"line":186,"column":6},"end":{"line":186,"column":6}}]},"27":{"line":188,"type":"if","locations":[{"start":{"line":188,"column":10},"end":{"line":188,"column":10}},{"start":{"line":188,"column":10},"end":{"line":188,"column":10}}]},"28":{"line":194,"type":"if","locations":[{"start":{"line":194,"column":6},"end":{"line":194,"column":6}},{"start":{"line":194,"column":6},"end":{"line":194,"column":6}}]},"29":{"line":195,"type":"if","locations":[{"start":{"line":195,"column":6},"end":{"line":195,"column":6}},{"start":{"line":195,"column":6},"end":{"line":195,"column":6}}]},"30":{"line":196,"type":"if","locations":[{"start":{"line":196,"column":6},"end":{"line":196,"column":6}},{"start":{"line":196,"column":6},"end":{"line":196,"column":6}}]},"31":{"line":197,"type":"if","locations":[{"start":{"line":197,"column":6},"end":{"line":197,"column":6}},{"start":{"line":197,"column":6},"end":{"line":197,"column":6}}]},"32":{"line":204,"type":"binary-expr","locations":[{"start":{"line":204,"column":15},"end":{"line":204,"column":17}},{"start":{"line":204,"column":21},"end":{"line":204,"column":24}}]},"33":{"line":204,"type":"binary-expr","locations":[{"start":{"line":204,"column":35},"end":{"line":204,"column":37}},{"start":{"line":204,"column":41},"end":{"line":204,"column":44}}]},"34":{"line":228,"type":"if","locations":[{"start":{"line":228,"column":8},"end":{"line":228,"column":8}},{"start":{"line":228,"column":8},"end":{"line":228,"column":8}}]},"35":{"line":232,"type":"binary-expr","locations":[{"start":{"line":232,"column":24},"end":{"line":232,"column":37}},{"start":{"line":232,"column":41},"end":{"line":232,"column":66}}]},"36":{"line":233,"type":"if","locations":[{"start":{"line":233,"column":10},"end":{"line":233,"column":10}},{"start":{"line":233,"column":10},"end":{"line":233,"column":10}}]},"37":{"line":234,"type":"if","locations":[{"start":{"line":234,"column":12},"end":{"line":234,"column":12}},{"start":{"line":234,"column":12},"end":{"line":234,"column":12}}]},"38":{"line":235,"type":"if","locations":[{"start":{"line":235,"column":14},"end":{"line":235,"column":14}},{"start":{"line":235,"column":14},"end":{"line":235,"column":14}}]},"39":{"line":243,"type":"cond-expr","locations":[{"start":{"line":243,"column":48},"end":{"line":243,"column":59}},{"start":{"line":243,"column":62},"end":{"line":243,"column":77}}]},"40":{"line":246,"type":"if","locations":[{"start":{"line":246,"column":12},"end":{"line":246,"column":12}},{"start":{"line":246,"column":12},"end":{"line":246,"column":12}}]},"41":{"line":246,"type":"binary-expr","locations":[{"start":{"line":246,"column":16},"end":{"line":246,"column":26}},{"start":{"line":246,"column":30},"end":{"line":246,"column":37}}]},"42":{"line":248,"type":"if","locations":[{"start":{"line":248,"column":12},"end":{"line":248,"column":12}},{"start":{"line":248,"column":12},"end":{"line":248,"column":12}}]},"43":{"line":248,"type":"binary-expr","locations":[{"start":{"line":248,"column":16},"end":{"line":248,"column":25}},{"start":{"line":248,"column":29},"end":{"line":248,"column":47}}]},"44":{"line":251,"type":"cond-expr","locations":[{"start":{"line":251,"column":51},"end":{"line":251,"column":54}},{"start":{"line":251,"column":57},"end":{"line":251,"column":60}}]},"45":{"line":271,"type":"if","locations":[{"start":{"line":271,"column":6},"end":{"line":271,"column":6}},{"start":{"line":271,"column":6},"end":{"line":271,"column":6}}]},"46":{"line":278,"type":"switch","locations":[{"start":{"line":279,"column":8},"end":{"line":279,"column":21}},{"start":{"line":280,"column":8},"end":{"line":282,"column":16}},{"start":{"line":283,"column":8},"end":{"line":285,"column":16}},{"start":{"line":286,"column":8},"end":{"line":288,"column":16}},{"start":{"line":289,"column":8},"end":{"line":291,"column":16}}]},"47":{"line":295,"type":"if","locations":[{"start":{"line":295,"column":6},"end":{"line":295,"column":6}},{"start":{"line":295,"column":6},"end":{"line":295,"column":6}}]},"48":{"line":327,"type":"switch","locations":[{"start":{"line":328,"column":6},"end":{"line":328,"column":16}},{"start":{"line":329,"column":6},"end":{"line":330,"column":20}}]},"49":{"line":343,"type":"cond-expr","locations":[{"start":{"line":344,"column":43},"end":{"line":344,"column":55}},{"start":{"line":344,"column":59},"end":{"line":344,"column":64}}]},"50":{"line":343,"type":"binary-expr","locations":[{"start":{"line":343,"column":9},"end":{"line":343,"column":34}},{"start":{"line":344,"column":10},"end":{"line":344,"column":39}}]},"51":{"line":348,"type":"if","locations":[{"start":{"line":348,"column":2},"end":{"line":348,"column":2}},{"start":{"line":348,"column":2},"end":{"line":348,"column":2}}]},"52":{"line":373,"type":"switch","locations":[{"start":{"line":374,"column":4},"end":{"line":378,"column":30}},{"start":{"line":379,"column":4},"end":{"line":379,"column":29}},{"start":{"line":380,"column":4},"end":{"line":380,"column":40}}]},"53":{"line":375,"type":"cond-expr","locations":[{"start":{"line":376,"column":9},"end":{"line":376,"column":28}},{"start":{"line":377,"column":8},"end":{"line":377,"column":13}}]},"54":{"line":375,"type":"binary-expr","locations":[{"start":{"line":375,"column":6},"end":{"line":375,"column":29}},{"start":{"line":375,"column":33},"end":{"line":375,"column":57}}]},"55":{"line":380,"type":"binary-expr","locations":[{"start":{"line":380,"column":27},"end":{"line":380,"column":32}},{"start":{"line":380,"column":36},"end":{"line":380,"column":38}}]},"56":{"line":397,"type":"cond-expr","locations":[{"start":{"line":397,"column":24},"end":{"line":397,"column":28}},{"start":{"line":397,"column":31},"end":{"line":397,"column":42}}]},"57":{"line":464,"type":"cond-expr","locations":[{"start":{"line":464,"column":42},"end":{"line":464,"column":47}},{"start":{"line":464,"column":50},"end":{"line":464,"column":57}}]},"58":{"line":473,"type":"binary-expr","locations":[{"start":{"line":473,"column":6},"end":{"line":473,"column":32}},{"start":{"line":474,"column":6},"end":{"line":474,"column":28}},{"start":{"line":475,"column":6},"end":{"line":475,"column":19}}]},"59":{"line":495,"type":"if","locations":[{"start":{"line":495,"column":4},"end":{"line":495,"column":4}},{"start":{"line":495,"column":4},"end":{"line":495,"column":4}}]},"60":{"line":495,"type":"binary-expr","locations":[{"start":{"line":495,"column":8},"end":{"line":495,"column":11}},{"start":{"line":495,"column":15},"end":{"line":495,"column":45}}]},"61":{"line":502,"type":"cond-expr","locations":[{"start":{"line":502,"column":19},"end":{"line":502,"column":50}},{"start":{"line":502,"column":53},"end":{"line":502,"column":66}}]},"62":{"line":510,"type":"binary-expr","locations":[{"start":{"line":510,"column":13},"end":{"line":510,"column":36}},{"start":{"line":511,"column":6},"end":{"line":511,"column":51}}]},"63":{"line":524,"type":"binary-expr","locations":[{"start":{"line":524,"column":13},"end":{"line":524,"column":27}},{"start":{"line":524,"column":31},"end":{"line":524,"column":56}}]},"64":{"line":525,"type":"binary-expr","locations":[{"start":{"line":525,"column":9},"end":{"line":525,"column":17}},{"start":{"line":525,"column":22},"end":{"line":525,"column":48}}]},"65":{"line":529,"type":"cond-expr","locations":[{"start":{"line":529,"column":22},"end":{"line":529,"column":73}},{"start":{"line":529,"column":77},"end":{"line":529,"column":79}}]},"66":{"line":564,"type":"binary-expr","locations":[{"start":{"line":564,"column":11},"end":{"line":564,"column":15}},{"start":{"line":564,"column":20},"end":{"line":564,"column":28}}]},"67":{"line":577,"type":"if","locations":[{"start":{"line":577,"column":2},"end":{"line":577,"column":2}},{"start":{"line":577,"column":2},"end":{"line":577,"column":2}}]}}},"/Users/agiammarchi/git/viperHTML/Component.js":{"path":"/Users/agiammarchi/git/viperHTML/Component.js","s":{"1":1,"2":1,"3":15,"4":15,"5":10,"6":10,"7":1,"8":1,"9":10,"10":10,"11":10,"12":10,"13":10,"14":10,"15":21,"16":10,"17":2,"18":10,"19":1,"20":1,"21":1,"22":3,"23":3,"24":1,"25":15,"26":3,"27":3,"28":12,"29":12,"30":1,"31":5,"32":5,"33":5,"34":1,"35":21},"b":{"1":[15,5],"2":[9,6],"3":[1,9],"4":[2,8],"5":[3,3,12],"6":[3,1],"7":[3,3],"8":[12,4],"9":[12,6]},"f":{"1":15,"2":1,"3":10,"4":10,"5":1,"6":1,"7":10,"8":10,"9":10,"10":10},"fnMap":{"1":{"name":"(anonymous_1)","line":4,"loc":{"start":{"line":4,"column":12},"end":{"line":4,"column":26}}},"2":{"name":"(anonymous_2)","line":8,"loc":{"start":{"line":8,"column":13},"end":{"line":8,"column":16}}},"3":{"name":"(anonymous_3)","line":9,"loc":{"start":{"line":9,"column":10},"end":{"line":9,"column":13}}},"4":{"name":"(anonymous_4)","line":10,"loc":{"start":{"line":10,"column":10},"end":{"line":10,"column":18}}},"5":{"name":"(anonymous_5)","line":11,"loc":{"start":{"line":11,"column":9},"end":{"line":11,"column":12}}},"6":{"name":"(anonymous_6)","line":12,"loc":{"start":{"line":12,"column":9},"end":{"line":12,"column":17}}},"7":{"name":"(anonymous_7)","line":13,"loc":{"start":{"line":13,"column":11},"end":{"line":13,"column":14}}},"8":{"name":"(anonymous_8)","line":14,"loc":{"start":{"line":14,"column":11},"end":{"line":14,"column":19}}},"9":{"name":"(anonymous_9)","line":15,"loc":{"start":{"line":15,"column":18},"end":{"line":15,"column":21}}},"10":{"name":"(anonymous_10)","line":16,"loc":{"start":{"line":16,"column":10},"end":{"line":16,"column":26}}}},"statementMap":{"1":{"start":{"line":3,"column":0},"end":{"line":26,"column":2}},"2":{"start":{"line":3,"column":27},"end":{"line":26,"column":1}},"3":{"start":{"line":5,"column":4},"end":{"line":5,"column":55}},"4":{"start":{"line":6,"column":4},"end":{"line":6,"column":65}},"5":{"start":{"line":9,"column":15},"end":{"line":9,"column":54}},"6":{"start":{"line":10,"column":20},"end":{"line":10,"column":53}},"7":{"start":{"line":11,"column":14},"end":{"line":11,"column":52}},"8":{"start":{"line":12,"column":19},"end":{"line":12,"column":51}},"9":{"start":{"line":13,"column":16},"end":{"line":13,"column":56}},"10":{"start":{"line":14,"column":21},"end":{"line":14,"column":55}},"11":{"start":{"line":15,"column":23},"end":{"line":15,"column":33}},"12":{"start":{"line":17,"column":4},"end":{"line":17,"column":28}},"13":{"start":{"line":18,"column":4},"end":{"line":18,"column":80}},"14":{"start":{"line":19,"column":4},"end":{"line":19,"column":54}},"15":{"start":{"line":19,"column":28},"end":{"line":19,"column":54}},"16":{"start":{"line":20,"column":4},"end":{"line":20,"column":40}},"17":{"start":{"line":20,"column":26},"end":{"line":20,"column":40}},"18":{"start":{"line":21,"column":4},"end":{"line":21,"column":16}},"19":{"start":{"line":29,"column":0},"end":{"line":29,"column":29}},"20":{"start":{"line":30,"column":0},"end":{"line":30,"column":29}},"21":{"start":{"line":31,"column":0},"end":{"line":34,"column":2}},"22":{"start":{"line":32,"column":2},"end":{"line":32,"column":24}},"23":{"start":{"line":33,"column":2},"end":{"line":33,"column":19}},"24":{"start":{"line":35,"column":0},"end":{"line":45,"column":2}},"25":{"start":{"line":36,"column":2},"end":{"line":44,"column":3}},"26":{"start":{"line":39,"column":6},"end":{"line":39,"column":50}},"27":{"start":{"line":40,"column":6},"end":{"line":40,"column":67}},"28":{"start":{"line":42,"column":6},"end":{"line":42,"column":51}},"29":{"start":{"line":43,"column":6},"end":{"line":43,"column":53}},"30":{"start":{"line":46,"column":0},"end":{"line":50,"column":2}},"31":{"start":{"line":47,"column":2},"end":{"line":47,"column":34}},"32":{"start":{"line":48,"column":2},"end":{"line":48,"column":30}},"33":{"start":{"line":49,"column":2},"end":{"line":49,"column":14}},"34":{"start":{"line":53,"column":0},"end":{"line":54,"column":71}},"35":{"start":{"line":54,"column":2},"end":{"line":54,"column":70}}},"branchMap":{"1":{"line":5,"type":"binary-expr","locations":[{"start":{"line":5,"column":17},"end":{"line":5,"column":38}},{"start":{"line":5,"column":42},"end":{"line":5,"column":54}}]},"2":{"line":6,"type":"cond-expr","locations":[{"start":{"line":6,"column":49},"end":{"line":6,"column":58}},{"start":{"line":6,"column":61},"end":{"line":6,"column":63}}]},"3":{"line":18,"type":"cond-expr","locations":[{"start":{"line":18,"column":47},"end":{"line":18,"column":71}},{"start":{"line":18,"column":74},"end":{"line":18,"column":79}}]},"4":{"line":20,"type":"if","locations":[{"start":{"line":20,"column":4},"end":{"line":20,"column":4}},{"start":{"line":20,"column":4},"end":{"line":20,"column":4}}]},"5":{"line":36,"type":"switch","locations":[{"start":{"line":37,"column":4},"end":{"line":37,"column":18}},{"start":{"line":38,"column":4},"end":{"line":40,"column":67}},{"start":{"line":41,"column":4},"end":{"line":43,"column":53}}]},"6":{"line":39,"type":"binary-expr","locations":[{"start":{"line":39,"column":17},"end":{"line":39,"column":23}},{"start":{"line":39,"column":28},"end":{"line":39,"column":48}}]},"7":{"line":40,"type":"binary-expr","locations":[{"start":{"line":40,"column":13},"end":{"line":40,"column":23}},{"start":{"line":40,"column":27},"end":{"line":40,"column":66}}]},"8":{"line":42,"type":"binary-expr","locations":[{"start":{"line":42,"column":17},"end":{"line":42,"column":23}},{"start":{"line":42,"column":28},"end":{"line":42,"column":49}}]},"9":{"line":43,"type":"binary-expr","locations":[{"start":{"line":43,"column":13},"end":{"line":43,"column":19}},{"start":{"line":43,"column":24},"end":{"line":43,"column":51}}]}}}}