TN:
SF:/Users/agiammarchi/git/viperHTML/index.js
FN:9,viper
FN:30,render
FN:50,wire
FN:59,getAsync
FN:75,asBuffer
FN:80,asHTML
FN:85,comments
FN:92,createAsync
FN:98,(anonymous_9)
FN:102,(anonymous_10)
FN:109,empty
FN:114,escape
FN:120,fixUpdates
FN:136,getUpdateForHTML
FN:141,identity
FN:146,invokeAtDistance
FN:160,invokeTransformer
FN:172,noop
FN:175,asTemplateValue
FN:205,sanitizeAttributes
FN:210,set
FN:219,transform
FN:226,(anonymous_23)
FN:267,(anonymous_24)
FN:271,(anonymous_25)
FN:275,(anonymous_26)
FN:278,(anonymous_27)
FN:284,(anonymous_28)
FN:302,(anonymous_29)
FN:310,(anonymous_30)
FN:326,updateAttribute
FN:330,updateAttributeIntent
FN:331,(anonymous_33)
FN:339,updateBoolean
FN:341,update
FN:353,ized
FN:357,asCSSValue
FN:362,updateStyle
FN:387,updateEvent
FN:403,minifyCSS
FN:407,minifyJS
FN:422,chunks
FN:471,(anonymous_43)
FN:478,resolveArray
FN:484,resolveAsTemplateValue
FN:485,(anonymous_46)
FN:498,update
FN:531,upgrade
FN:545,wireWeakly
FN:550,createHyperComment
FN:587,bind
FN:594,define
FN:607,(anonymous_53)
FN:610,(anonymous_54)
FN:618,Async
FN:621,Dict
FNF:56
FNH:56
FNDA:8,viper
FNDA:2083,render
FNDA:1049,wire
FNDA:14,getAsync
FNDA:2069,asBuffer
FNDA:1,asHTML
FNDA:18,comments
FNDA:13,createAsync
FNDA:14,(anonymous_9)
FNDA:14,(anonymous_10)
FNDA:97,empty
FNDA:8043,escape
FNDA:1078,fixUpdates
FNDA:3055,getUpdateForHTML
FNDA:13,identity
FNDA:5,invokeAtDistance
FNDA:4,invokeTransformer
FNDA:2,noop
FNDA:6085,asTemplateValue
FNDA:24,sanitizeAttributes
FNDA:55,set
FNDA:46,transform
FNDA:43,(anonymous_23)
FNDA:1,(anonymous_24)
FNDA:1,(anonymous_25)
FNDA:1,(anonymous_26)
FNDA:43,(anonymous_27)
FNDA:55,(anonymous_28)
FNDA:28,(anonymous_29)
FNDA:46,(anonymous_30)
FNDA:2018,updateAttribute
FNDA:2,updateAttributeIntent
FNDA:2,(anonymous_33)
FNDA:3,updateBoolean
FNDA:4,update
FNDA:1,ized
FNDA:2,asCSSValue
FNDA:2,updateStyle
FNDA:2013,updateEvent
FNDA:1,minifyCSS
FNDA:2,minifyJS
FNDA:14,chunks
FNDA:14,(anonymous_43)
FNDA:13,resolveArray
FNDA:18,resolveAsTemplateValue
FNDA:18,(anonymous_46)
FNDA:2069,update
FNDA:1078,upgrade
FNDA:14,wireWeakly
FNDA:6069,createHyperComment
FNDA:13,bind
FNDA:4,define
FNDA:1,(anonymous_53)
FNDA:1,(anonymous_54)
FNDA:13,Async
FNDA:8,Dict
DA:6,1
DA:9,1
DA:10,8
DA:30,1
DA:31,2083
DA:32,2083
DA:36,1078
DA:37,1078
DA:39,2083
DA:50,1
DA:51,1049
DA:59,1
DA:60,14
DA:65,1
DA:66,1
DA:75,1
DA:76,2069
DA:80,1
DA:81,1
DA:85,1
DA:86,18
DA:92,1
DA:93,13
DA:98,13
DA:99,14
DA:100,14
DA:102,13
DA:103,14
DA:104,14
DA:109,1
DA:110,97
DA:114,1
DA:115,8043
DA:120,1
DA:121,1078
DA:128,5086
DA:129,5086
DA:131,1078
DA:136,1
DA:137,3055
DA:141,1
DA:142,13
DA:146,1
DA:147,5
DA:148,5
DA:149,1
DA:150,4
DA:151,2
DA:152,2
DA:153,1
DA:155,1
DA:160,1
DA:161,4
DA:162,4
DA:163,4
DA:166,2
DA:172,1
DA:175,1
DA:176,6085
DA:177,6085
DA:178,6032
DA:180,5
DA:181,1
DA:183,44
DA:184,38
DA:186,40
DA:188,34
DA:189,23
DA:190,39
DA:191,2
DA:194,23
DA:196,11
DA:197,7
DA:198,6
DA:199,5
DA:200,3
DA:205,1
DA:206,24
DA:210,1
DA:211,55
DA:212,55
DA:219,1
DA:220,46
DA:221,46
DA:222,46
DA:223,46
DA:224,46
DA:225,46
DA:227,43
DA:228,43
DA:229,43
DA:230,71
DA:231,28
DA:232,28
DA:233,28
DA:234,28
DA:235,28
DA:236,24
DA:237,10
DA:238,7
DA:239,7
DA:241,3
DA:244,14
DA:245,14
DA:253,24
DA:254,24
DA:256,4
DA:257,1
DA:259,3
DA:260,3
DA:265,43
DA:268,1
DA:269,1
DA:272,1
DA:273,1
DA:276,1
DA:279,43
DA:280,40
DA:282,43
DA:285,55
DA:286,55
DA:289,5
DA:290,5
DA:292,2
DA:293,2
DA:295,1
DA:296,1
DA:298,47
DA:299,47
DA:303,28
DA:304,27
DA:305,27
DA:307,1
DA:311,46
DA:317,46
DA:318,46
DA:319,46
DA:326,1
DA:327,2018
DA:330,1
DA:331,2
DA:332,2
DA:333,2
DA:339,1
DA:340,3
DA:341,1
DA:342,4
DA:345,2
DA:347,2
DA:349,3
DA:350,3
DA:353,1
DA:354,1
DA:357,1
DA:358,2
DA:362,1
DA:363,2
DA:364,1
DA:370,2
DA:371,2
DA:378,1
DA:380,1
DA:387,1
DA:388,2013
DA:389,2007
DA:394,3
DA:395,3
DA:403,1
DA:404,1
DA:407,1
DA:408,2
DA:412,2
DA:422,1
DA:423,14
DA:467,21
DA:468,21
DA:469,21
DA:471,14
DA:478,1
DA:479,13
DA:484,1
DA:485,18
DA:486,18
DA:498,1
DA:499,2069
DA:509,10077
DA:510,10077
DA:515,2
DA:516,2
DA:522,10075
DA:525,2069
DA:531,1
DA:532,1078
DA:534,1078
DA:545,1
DA:546,14
DA:547,14
DA:550,1
DA:551,6069
DA:558,1
DA:587,13
DA:589,1
DA:594,1
DA:595,4
DA:596,2
DA:597,1
DA:599,2
DA:602,2
DA:606,1
DA:608,1
DA:611,1
DA:615,1
DA:618,1
DA:621,1
DA:622,1
LF:215
LH:215
BRDA:10,1,0,5
BRDA:10,1,1,3
BRDA:11,2,0,2
BRDA:11,2,1,3
BRDA:11,3,0,5
BRDA:11,3,1,4
BRDA:13,4,0,1
BRDA:13,4,1,2
BRDA:16,5,0,1
BRDA:16,5,1,2
BRDA:32,6,0,1078
BRDA:32,6,1,1005
BRDA:33,7,0,2083
BRDA:33,7,1,1006
BRDA:39,8,0,14
BRDA:39,8,1,2069
BRDA:51,9,0,1037
BRDA:51,9,1,12
BRDA:51,10,0,1049
BRDA:51,10,1,14
BRDA:53,11,0,12
BRDA:53,11,1,4
BRDA:60,12,0,12
BRDA:60,12,1,2
BRDA:62,13,0,2
BRDA:62,13,1,1
BRDA:103,14,0,14
BRDA:103,14,1,1
BRDA:129,15,0,3055
BRDA:129,15,1,2031
BRDA:137,16,0,15
BRDA:137,16,1,3040
BRDA:147,17,0,4
BRDA:147,17,1,1
BRDA:148,18,0,1
BRDA:148,18,1,4
BRDA:150,19,0,2
BRDA:150,19,1,2
BRDA:152,20,0,1
BRDA:152,20,1,1
BRDA:163,21,0,2
BRDA:163,21,1,2
BRDA:176,22,0,19
BRDA:176,22,1,6066
BRDA:177,23,0,6032
BRDA:177,23,1,2
BRDA:177,23,2,5
BRDA:177,23,3,1
BRDA:177,23,4,44
BRDA:177,23,5,40
BRDA:177,23,6,34
BRDA:183,24,0,6
BRDA:183,24,1,38
BRDA:184,25,0,1
BRDA:184,25,1,37
BRDA:186,26,0,6
BRDA:186,26,1,34
BRDA:188,27,0,23
BRDA:188,27,1,11
BRDA:190,28,0,2
BRDA:190,28,1,37
BRDA:196,29,0,4
BRDA:196,29,1,7
BRDA:197,30,0,1
BRDA:197,30,1,6
BRDA:198,31,0,1
BRDA:198,31,1,5
BRDA:199,32,0,2
BRDA:199,32,1,3
BRDA:206,33,0,24
BRDA:206,33,1,10
BRDA:206,34,0,24
BRDA:206,34,1,10
BRDA:230,35,0,28
BRDA:230,35,1,43
BRDA:234,36,0,28
BRDA:234,36,1,24
BRDA:235,37,0,24
BRDA:235,37,1,4
BRDA:236,38,0,10
BRDA:236,38,1,14
BRDA:237,39,0,7
BRDA:237,39,1,3
BRDA:246,40,0,1
BRDA:246,40,1,13
BRDA:248,41,0,2
BRDA:248,41,1,11
BRDA:254,42,0,21
BRDA:254,42,1,3
BRDA:254,43,0,24
BRDA:254,43,1,10
BRDA:256,44,0,1
BRDA:256,44,1,3
BRDA:256,45,0,4
BRDA:256,45,1,1
BRDA:259,46,0,2
BRDA:259,46,1,1
BRDA:279,47,0,40
BRDA:279,47,1,3
BRDA:286,48,0,1
BRDA:286,48,1,5
BRDA:286,48,2,2
BRDA:286,48,3,1
BRDA:286,48,4,47
BRDA:303,49,0,27
BRDA:303,49,1,1
BRDA:333,50,0,1
BRDA:333,50,1,1
BRDA:342,51,0,1
BRDA:342,51,1,2
BRDA:358,52,0,1
BRDA:358,52,1,1
BRDA:358,53,0,2
BRDA:358,53,1,1
BRDA:363,54,0,1
BRDA:363,54,1,1
BRDA:388,55,0,2007
BRDA:388,55,1,3
BRDA:388,55,2,3
BRDA:390,56,0,1
BRDA:390,56,1,2006
BRDA:390,57,0,2007
BRDA:390,57,1,1
BRDA:395,58,0,3
BRDA:395,58,1,2
BRDA:412,59,0,1
BRDA:412,59,1,1
BRDA:479,60,0,2
BRDA:479,60,1,11
BRDA:488,61,0,18
BRDA:488,61,1,16
BRDA:488,61,2,14
BRDA:510,62,0,2
BRDA:510,62,1,10075
BRDA:511,63,0,10077
BRDA:511,63,1,25
BRDA:511,63,2,23
BRDA:511,63,3,22
BRDA:517,64,0,1
BRDA:517,64,1,1
BRDA:525,65,0,2
BRDA:525,65,1,2067
BRDA:532,66,0,1078
BRDA:532,66,1,46
BRDA:546,67,0,14
BRDA:546,67,1,8
BRDA:547,68,0,14
BRDA:547,68,1,9
BRDA:551,69,0,6068
BRDA:551,69,1,1
BRDA:595,70,0,2
BRDA:595,70,1,2
BRDA:596,71,0,1
BRDA:596,71,1,1
BRF:154
BRH:154
end_of_record
TN:
SF:/Users/agiammarchi/git/viperHTML/Component.js
FN:4,(anonymous_1)
FN:8,(anonymous_2)
FN:9,(anonymous_3)
FN:10,(anonymous_4)
FN:11,(anonymous_5)
FN:12,(anonymous_6)
FN:13,(anonymous_7)
FN:14,(anonymous_8)
FN:15,(anonymous_9)
FN:16,(anonymous_10)
FN:17,(anonymous_11)
FNF:11
FNH:11
FNDA:15,(anonymous_1)
FNDA:1,(anonymous_2)
FNDA:10,(anonymous_3)
FNDA:10,(anonymous_4)
FNDA:1,(anonymous_5)
FNDA:1,(anonymous_6)
FNDA:10,(anonymous_7)
FNDA:10,(anonymous_8)
FNDA:10,(anonymous_9)
FNDA:1,(anonymous_10)
FNDA:10,(anonymous_11)
DA:3,1
DA:5,15
DA:6,15
DA:9,10
DA:10,10
DA:11,1
DA:12,1
DA:13,10
DA:14,10
DA:15,10
DA:16,1
DA:18,10
DA:19,10
DA:20,21
DA:21,10
DA:22,10
DA:30,1
DA:31,1
DA:32,1
DA:33,3
DA:34,3
DA:36,1
DA:37,15
DA:40,3
DA:41,3
DA:43,12
DA:44,12
DA:47,1
DA:48,5
DA:49,5
DA:50,5
DA:54,1
DA:55,21
LF:33
LH:33
BRDA:5,1,0,15
BRDA:5,1,1,5
BRDA:6,2,0,9
BRDA:6,2,1,6
BRDA:19,3,0,1
BRDA:19,3,1,9
BRDA:21,4,0,2
BRDA:21,4,1,8
BRDA:37,5,0,3
BRDA:37,5,1,3
BRDA:37,5,2,12
BRDA:40,6,0,3
BRDA:40,6,1,1
BRDA:41,7,0,3
BRDA:41,7,1,3
BRDA:43,8,0,12
BRDA:43,8,1,4
BRDA:44,9,0,12
BRDA:44,9,1,6
BRF:19
BRH:19
end_of_record
