TN:
SF:/home/webreflection/code/viperHTML/viperhtml.js
FN:9,viper
FN:30,render
FN:50,wire
FN:59,getAsync
FN:68,(anonymous_5)
FN:69,(anonymous_6)
FN:70,(anonymous_7)
FN:71,(anonymous_8)
FN:72,(anonymous_9)
FN:73,(anonymous_10)
FN:74,(anonymous_11)
FN:75,(anonymous_12)
FN:76,(anonymous_13)
FN:95,asHTML
FN:100,comments
FN:107,createAsync
FN:113,(anonymous_17)
FN:117,(anonymous_18)
FN:124,defineValue
FN:129,empty
FN:134,escape
FN:140,fixUpdates
FN:156,getUpdateForHTML
FN:161,identity
FN:166,invokeAtDistance
FN:179,invokeTransformer
FN:191,noop
FN:194,asTemplateValue
FN:223,sanitizeAttributes
FN:228,set
FN:237,transform
FN:244,(anonymous_32)
FN:279,(anonymous_33)
FN:283,(anonymous_34)
FN:287,(anonymous_35)
FN:290,(anonymous_36)
FN:296,(anonymous_37)
FN:314,(anonymous_38)
FN:322,(anonymous_39)
FN:338,updateAttribute
FN:344,updateBoolean
FN:346,update
FN:361,updateEvent
FN:377,minifyCSS
FN:381,minifyJS
FN:396,chunks
FN:445,(anonymous_47)
FN:452,resolveArray
FN:458,resolveAsTemplateValue
FN:459,(anonymous_50)
FN:472,update
FN:489,upgrade
FN:503,wireWeakly
FN:508,createHyperComment
FN:542,bind
FN:549,define
FN:558,(anonymous_57)
FN:561,(anonymous_58)
FN:569,Async
FN:572,Dict
FNF:60
FNH:60
FNDA:8,viper
FNDA:2063,render
FNDA:1041,wire
FNDA:12,getAsync
FNDA:1,(anonymous_5)
FNDA:2,(anonymous_6)
FNDA:2,(anonymous_7)
FNDA:1,(anonymous_8)
FNDA:1,(anonymous_9)
FNDA:2,(anonymous_10)
FNDA:2,(anonymous_11)
FNDA:2,(anonymous_12)
FNDA:2,(anonymous_13)
FNDA:1,asHTML
FNDA:13,comments
FNDA:11,createAsync
FNDA:12,(anonymous_17)
FNDA:12,(anonymous_18)
FNDA:5,defineValue
FNDA:79,empty
FNDA:8030,escape
FNDA:1058,fixUpdates
FNDA:3036,getUpdateForHTML
FNDA:6,identity
FNDA:4,invokeAtDistance
FNDA:4,invokeTransformer
FNDA:2,noop
FNDA:6065,asTemplateValue
FNDA:20,sanitizeAttributes
FNDA:47,set
FNDA:38,transform
FNDA:32,(anonymous_32)
FNDA:1,(anonymous_33)
FNDA:1,(anonymous_34)
FNDA:1,(anonymous_35)
FNDA:32,(anonymous_36)
FNDA:45,(anonymous_37)
FNDA:22,(anonymous_38)
FNDA:38,(anonymous_39)
FNDA:2017,updateAttribute
FNDA:3,updateBoolean
FNDA:4,update
FNDA:2013,updateEvent
FNDA:1,minifyCSS
FNDA:2,minifyJS
FNDA:12,chunks
FNDA:12,(anonymous_47)
FNDA:13,resolveArray
FNDA:12,resolveAsTemplateValue
FNDA:12,(anonymous_50)
FNDA:2051,update
FNDA:1058,upgrade
FNDA:14,wireWeakly
FNDA:6049,createHyperComment
FNDA:11,bind
FNDA:2,define
FNDA:1,(anonymous_57)
FNDA:1,(anonymous_58)
FNDA:11,Async
FNDA:8,Dict
DA:6,1
DA:9,1
DA:10,8
DA:30,1
DA:31,2063
DA:32,2063
DA:36,1058
DA:37,1058
DA:39,2063
DA:50,1
DA:51,1041
DA:59,1
DA:60,12
DA:69,2
DA:70,2
DA:71,1
DA:72,1
DA:73,2
DA:74,2
DA:75,2
DA:77,2
DA:78,2
DA:79,5
DA:80,2
DA:86,1
DA:95,1
DA:96,1
DA:100,1
DA:101,13
DA:107,1
DA:108,11
DA:113,11
DA:114,12
DA:115,12
DA:117,11
DA:118,12
DA:119,12
DA:124,1
DA:125,5
DA:129,1
DA:130,79
DA:134,1
DA:135,8030
DA:140,1
DA:141,1058
DA:148,5062
DA:149,5062
DA:151,1058
DA:156,1
DA:157,3036
DA:161,1
DA:162,6
DA:166,1
DA:167,4
DA:168,1
DA:169,3
DA:170,1
DA:171,2
DA:172,1
DA:174,1
DA:179,1
DA:180,4
DA:181,4
DA:182,4
DA:185,2
DA:191,1
DA:194,1
DA:195,6065
DA:196,6065
DA:197,6019
DA:199,5
DA:201,38
DA:202,36
DA:204,38
DA:206,32
DA:207,21
DA:208,33
DA:209,2
DA:212,21
DA:214,11
DA:215,7
DA:216,6
DA:217,5
DA:218,3
DA:223,1
DA:224,20
DA:228,1
DA:229,47
DA:230,47
DA:237,1
DA:238,38
DA:239,38
DA:240,38
DA:241,38
DA:242,38
DA:243,38
DA:245,32
DA:246,32
DA:247,32
DA:248,55
DA:249,23
DA:250,23
DA:251,23
DA:252,23
DA:253,23
DA:254,20
DA:255,10
DA:256,7
DA:257,7
DA:259,3
DA:262,10
DA:263,10
DA:265,20
DA:266,20
DA:268,3
DA:269,1
DA:271,2
DA:272,2
DA:277,32
DA:280,1
DA:281,1
DA:284,1
DA:285,1
DA:288,1
DA:291,32
DA:292,30
DA:294,32
DA:297,45
DA:298,45
DA:301,5
DA:302,5
DA:304,2
DA:305,2
DA:307,1
DA:308,1
DA:310,37
DA:311,37
DA:315,22
DA:316,21
DA:317,21
DA:319,1
DA:323,38
DA:329,38
DA:330,38
DA:331,38
DA:338,1
DA:339,2017
DA:344,1
DA:345,3
DA:346,1
DA:347,4
DA:350,2
DA:352,2
DA:354,3
DA:355,3
DA:361,1
DA:362,2013
DA:363,2007
DA:368,3
DA:369,3
DA:377,1
DA:378,1
DA:381,1
DA:382,2
DA:386,2
DA:396,1
DA:397,12
DA:441,15
DA:442,15
DA:443,15
DA:445,12
DA:452,1
DA:453,13
DA:458,1
DA:459,12
DA:460,12
DA:472,1
DA:473,2051
DA:481,10059
DA:483,2051
DA:489,1
DA:490,1058
DA:492,1058
DA:503,1
DA:504,14
DA:505,14
DA:508,1
DA:509,6049
DA:516,1
DA:542,11
DA:544,1
DA:549,1
DA:550,2
DA:551,1
DA:553,2
DA:557,1
DA:559,1
DA:562,1
DA:566,1
DA:569,1
DA:572,1
DA:573,1
LF:202
LH:202
BRDA:10,1,0,5
BRDA:10,1,1,3
BRDA:11,2,0,2
BRDA:11,2,1,3
BRDA:11,3,0,5
BRDA:11,3,1,4
BRDA:13,4,0,1
BRDA:13,4,1,2
BRDA:16,5,0,1
BRDA:16,5,1,2
BRDA:32,6,0,1058
BRDA:32,6,1,1005
BRDA:33,7,0,2063
BRDA:33,7,1,1006
BRDA:39,8,0,12
BRDA:39,8,1,2051
BRDA:51,9,0,1029
BRDA:51,9,1,12
BRDA:51,10,0,1041
BRDA:51,10,1,14
BRDA:53,11,0,12
BRDA:53,11,1,4
BRDA:60,12,0,10
BRDA:60,12,1,2
BRDA:62,13,0,2
BRDA:62,13,1,1
BRDA:78,14,0,1
BRDA:78,14,1,1
BRDA:118,15,0,12
BRDA:118,15,1,1
BRDA:149,16,0,3036
BRDA:149,16,1,2026
BRDA:157,17,0,9
BRDA:157,17,1,3027
BRDA:167,18,0,1
BRDA:167,18,1,3
BRDA:169,19,0,1
BRDA:169,19,1,2
BRDA:171,20,0,1
BRDA:171,20,1,1
BRDA:182,21,0,2
BRDA:182,21,1,2
BRDA:195,22,0,19
BRDA:195,22,1,6046
BRDA:196,23,0,6019
BRDA:196,23,1,2
BRDA:196,23,2,5
BRDA:196,23,3,38
BRDA:196,23,4,38
BRDA:196,23,5,32
BRDA:201,24,0,2
BRDA:201,24,1,36
BRDA:202,25,0,1
BRDA:202,25,1,35
BRDA:204,26,0,6
BRDA:204,26,1,32
BRDA:206,27,0,21
BRDA:206,27,1,11
BRDA:208,28,0,2
BRDA:208,28,1,31
BRDA:214,29,0,4
BRDA:214,29,1,7
BRDA:215,30,0,1
BRDA:215,30,1,6
BRDA:216,31,0,1
BRDA:216,31,1,5
BRDA:217,32,0,2
BRDA:217,32,1,3
BRDA:224,33,0,20
BRDA:224,33,1,7
BRDA:224,34,0,20
BRDA:224,34,1,7
BRDA:248,35,0,23
BRDA:248,35,1,32
BRDA:252,36,0,23
BRDA:252,36,1,20
BRDA:253,37,0,20
BRDA:253,37,1,3
BRDA:254,38,0,10
BRDA:254,38,1,10
BRDA:255,39,0,7
BRDA:255,39,1,3
BRDA:266,40,0,17
BRDA:266,40,1,3
BRDA:266,41,0,20
BRDA:266,41,1,10
BRDA:268,42,0,1
BRDA:268,42,1,2
BRDA:268,43,0,3
BRDA:268,43,1,1
BRDA:271,44,0,1
BRDA:271,44,1,1
BRDA:291,45,0,30
BRDA:291,45,1,2
BRDA:298,46,0,1
BRDA:298,46,1,5
BRDA:298,46,2,2
BRDA:298,46,3,1
BRDA:298,46,4,37
BRDA:310,47,0,36
BRDA:310,47,1,1
BRDA:315,48,0,21
BRDA:315,48,1,1
BRDA:347,49,0,1
BRDA:347,49,1,2
BRDA:362,50,0,2007
BRDA:362,50,1,3
BRDA:362,50,2,3
BRDA:364,51,0,1
BRDA:364,51,1,2006
BRDA:364,52,0,2007
BRDA:364,52,1,1
BRDA:369,53,0,3
BRDA:369,53,1,2
BRDA:386,54,0,1
BRDA:386,54,1,1
BRDA:453,55,0,2
BRDA:453,55,1,11
BRDA:462,56,0,12
BRDA:462,56,1,10
BRDA:462,56,2,8
BRDA:490,57,0,1058
BRDA:490,57,1,38
BRDA:504,58,0,14
BRDA:504,58,1,8
BRDA:505,59,0,14
BRDA:505,59,1,9
BRDA:509,60,0,6048
BRDA:509,60,1,1
BRDA:550,61,0,1
BRDA:550,61,1,1
BRF:131
BRH:131
end_of_record
